[INFO] 10:17:55:334 Servidor/(8883:8883): Servidor listo para recibir al cliente
[INFO] 10:52:46:418 Servidor/(11666:11666): Servidor listo para recibir al cliente
[INFO] 11:41:45:043 Servidor/(14926:14926): Servidor listo para recibir al cliente
[INFO] 11:41:52:695 Servidor/(14926:14926): Se conecto un cliente!
[INFO] 11:41:52:697 Servidor/(14926:14926): Me llego el mensaje valor
[INFO] 11:42:05:075 Servidor/(14926:14926): Me llegaron los siguientes valores:

[INFO] 11:42:05:077 Servidor/(14926:14926): HOlaaaaa
[INFO] 11:42:05:077 Servidor/(14926:14926): aca estoy
[ERROR] 11:42:05:077 Servidor/(14926:14926): el cliente se desconecto. Terminando servidor
[INFO] 11:52:03:964 Servidor/(15561:15561): Servidor listo para recibir al cliente
[INFO] 11:52:18:215 Servidor/(15561:15561): Se conecto un cliente!
[INFO] 11:52:18:216 Servidor/(15561:15561): Me llego el mensaje valor
[INFO] 11:53:12:894 Servidor/(15561:15561): Me llegaron los siguientes valores:

[INFO] 11:53:12:895 Servidor/(15561:15561): Que onda mi rey!
[INFO] 11:53:12:895 Servidor/(15561:15561): mensaje 2
[INFO] 11:53:12:895 Servidor/(15561:15561): vamoooo
[INFO] 11:53:12:895 Servidor/(15561:15561): chau(?
[ERROR] 11:53:12:895 Servidor/(15561:15561): el cliente se desconecto. Terminando servidor
[INFO] 16:21:48:555 Servidor/(12441:12441): Servidor listo para recibir al cliente
[INFO] 16:22:00:636 Servidor/(12441:12441): Se conecto un cliente!
[INFO] 16:22:00:636 Servidor/(12441:12441): Me llego el mensaje valor
[INFO] 16:22:31:114 Servidor/(12441:12441): Me llegaron los siguientes valores:

[INFO] 16:22:31:115 Servidor/(12441:12441): Que onda pa
[INFO] 16:22:31:115 Servidor/(12441:12441): Mira como funciona ese server papa
[INFO] 16:22:31:115 Servidor/(12441:12441): nananana increible
[ERROR] 16:22:31:115 Servidor/(12441:12441): el cliente se desconecto. Terminando servidor
